[debug] [2023-11-27T06:42:39.837Z] ----------------------------------------------------------------------
[debug] [2023-11-27T06:42:39.839Z] Command:       C:\Program Files\nodejs\node.exe C:\Users\prahl\AppData\Roaming\npm\node_modules\firebase-tools\lib\bin\firebase.js init
[debug] [2023-11-27T06:42:39.839Z] CLI Version:   12.9.1
[debug] [2023-11-27T06:42:39.839Z] Platform:      win32
[debug] [2023-11-27T06:42:39.839Z] Node Version:  v18.18.2
[debug] [2023-11-27T06:42:39.840Z] Time:          Mon Nov 27 2023 12:12:39 GMT+0530 (India Standard Time)
[debug] [2023-11-27T06:42:39.840Z] ----------------------------------------------------------------------
[debug] 
[debug] [2023-11-27T06:42:39.846Z] > command requires scopes: ["email","openid","https://www.googleapis.com/auth/cloudplatformprojects.readonly","https://www.googleapis.com/auth/firebase","https://www.googleapis.com/auth/cloud-platform"]
[debug] [2023-11-27T06:42:39.847Z] > authorizing via signed-in user (roatsdownloads@gmail.com)
[info] 
     ######## #### ########  ######## ########     ###     ######  ########
     ##        ##  ##     ## ##       ##     ##  ##   ##  ##       ##
     ######    ##  ########  ######   ########  #########  ######  ######
     ##        ##  ##    ##  ##       ##     ## ##     ##       ## ##
     ##       #### ##     ## ######## ########  ##     ##  ######  ########

You're about to initialize a Firebase project in this directory:

  D:\Desktop\Daily Routine Monitor

[info] 
=== Project Setup
[info] 
[info] First, let's associate this project directory with a Firebase project.
[info] You can create multiple project aliases by running firebase use --add, 
[info] but for now we'll just set up a default project.
[info] 
[debug] [2023-11-27T06:44:31.603Z] > refreshing access token with scopes: []
[debug] [2023-11-27T06:44:31.606Z] >>> [apiv2][query] POST https://www.googleapis.com/oauth2/v3/token [none]
[debug] [2023-11-27T06:44:31.606Z] >>> [apiv2][body] POST https://www.googleapis.com/oauth2/v3/token [omitted]
[debug] [2023-11-27T06:44:31.905Z] <<< [apiv2][status] POST https://www.googleapis.com/oauth2/v3/token 200
[debug] [2023-11-27T06:44:31.906Z] <<< [apiv2][body] POST https://www.googleapis.com/oauth2/v3/token [omitted]
[debug] [2023-11-27T06:44:31.921Z] >>> [apiv2][query] GET https://firebase.googleapis.com/v1beta1/projects pageSize=100
[debug] [2023-11-27T06:44:32.672Z] <<< [apiv2][status] GET https://firebase.googleapis.com/v1beta1/projects 200
[debug] [2023-11-27T06:44:32.672Z] <<< [apiv2][body] GET https://firebase.googleapis.com/v1beta1/projects [omitted]
[info] i  Using project daily-routine-monitor (Daily-Routine-Monitor) 
[info] 
=== Hosting Setup
[debug] [2023-11-27T06:44:34.735Z] >>> [apiv2][query] GET https://firebase.googleapis.com/v1beta1/projects/daily-routine-monitor [none]
[debug] [2023-11-27T06:44:35.151Z] <<< [apiv2][status] GET https://firebase.googleapis.com/v1beta1/projects/daily-routine-monitor 200
[debug] [2023-11-27T06:44:35.151Z] <<< [apiv2][body] GET https://firebase.googleapis.com/v1beta1/projects/daily-routine-monitor {"projectId":"daily-routine-monitor","projectNumber":"1039955215970","displayName":"Daily-Routine-Monitor","name":"projects/daily-routine-monitor","resources":{"hostingSite":"daily-routine-monitor"},"state":"ACTIVE","etag":"1_9e942419-a213-4ad5-a51a-355f596c21d5"}
[info] 
[info] Your public directory is the folder (relative to your project directory) that
[info] will contain Hosting assets to be uploaded with firebase deploy. If you
[info] have a build process for your assets, use your build's output directory.
[info] 
[debug] [2023-11-27T06:45:23.518Z] ----------------------------------------------------------------------
[debug] [2023-11-27T06:45:23.519Z] Command:       C:\Program Files\nodejs\node.exe C:\Users\prahl\AppData\Roaming\npm\node_modules\firebase-tools\lib\bin\firebase.js init
[debug] [2023-11-27T06:45:23.520Z] CLI Version:   12.9.1
[debug] [2023-11-27T06:45:23.520Z] Platform:      win32
[debug] [2023-11-27T06:45:23.520Z] Node Version:  v18.18.2
[debug] [2023-11-27T06:45:23.521Z] Time:          Mon Nov 27 2023 12:15:23 GMT+0530 (India Standard Time)
[debug] [2023-11-27T06:45:23.521Z] ----------------------------------------------------------------------
[debug] 
[debug] [2023-11-27T06:45:23.528Z] > command requires scopes: ["email","openid","https://www.googleapis.com/auth/cloudplatformprojects.readonly","https://www.googleapis.com/auth/firebase","https://www.googleapis.com/auth/cloud-platform"]
[debug] [2023-11-27T06:45:23.528Z] > authorizing via signed-in user (roatsdownloads@gmail.com)
[info] 
     ######## #### ########  ######## ########     ###     ######  ########
     ##        ##  ##     ## ##       ##     ##  ##   ##  ##       ##
     ######    ##  ########  ######   ########  #########  ######  ######
     ##        ##  ##    ##  ##       ##     ## ##     ##       ## ##
     ##       #### ##     ## ######## ########  ##     ##  ######  ########

You're about to initialize a Firebase project in this directory:

  D:\Desktop\Daily Routine Monitor

[info] 
=== Project Setup
[info] 
[info] First, let's associate this project directory with a Firebase project.
[info] You can create multiple project aliases by running firebase use --add, 
[info] but for now we'll just set up a default project.
[info] 
[debug] [2023-11-27T06:45:33.456Z] >>> [apiv2][query] GET https://firebase.googleapis.com/v1beta1/projects pageSize=100
[debug] [2023-11-27T06:45:34.190Z] <<< [apiv2][status] GET https://firebase.googleapis.com/v1beta1/projects 200
[debug] [2023-11-27T06:45:34.190Z] <<< [apiv2][body] GET https://firebase.googleapis.com/v1beta1/projects [omitted]
[info] i  Using project daily-routine-monitor (Daily-Routine-Monitor) 
[info] 
=== Hosting Setup
[debug] [2023-11-27T06:45:35.281Z] >>> [apiv2][query] GET https://firebase.googleapis.com/v1beta1/projects/daily-routine-monitor [none]
[debug] [2023-11-27T06:45:35.713Z] <<< [apiv2][status] GET https://firebase.googleapis.com/v1beta1/projects/daily-routine-monitor 200
[debug] [2023-11-27T06:45:35.713Z] <<< [apiv2][body] GET https://firebase.googleapis.com/v1beta1/projects/daily-routine-monitor {"projectId":"daily-routine-monitor","projectNumber":"1039955215970","displayName":"Daily-Routine-Monitor","name":"projects/daily-routine-monitor","resources":{"hostingSite":"daily-routine-monitor"},"state":"ACTIVE","etag":"1_9e942419-a213-4ad5-a51a-355f596c21d5"}
[info] 
[info] Your public directory is the folder (relative to your project directory) that
[info] will contain Hosting assets to be uploaded with firebase deploy. If you
[info] have a build process for your assets, use your build's output directory.
[info] 
[info] +  Wrote public/404.html 
[debug] [2023-11-27T06:45:52.585Z] >>> [apiv2][query] GET https://www.gstatic.com/firebasejs/releases.json [none]
[debug] [2023-11-27T06:45:52.692Z] <<< [apiv2][status] GET https://www.gstatic.com/firebasejs/releases.json 200
[debug] [2023-11-27T06:45:52.692Z] <<< [apiv2][body] GET https://www.gstatic.com/firebasejs/releases.json {"current":{"version":"10.6.0","browserURL":"https://www.gstatic.com/firebasejs/10.6.0/firebase.js","packageURL":"https://www.gstatic.com/firebasejs/10.6.0/firebase.tgz"},"live":{"version":"10.6","browserURL":"https://www.gstatic.com/firebasejs/live/10.6/firebase.js","packageURL":"https://www.gstatic.com/firebasejs/live/10.6/firebase.tgz"},"components":{"analytics":"https://www.gstatic.com/firebasejs/10.6.0/firebase-analytics.js","app":"https://www.gstatic.com/firebasejs/10.6.0/firebase-app.js","app-check":"https://www.gstatic.com/firebasejs/10.6.0/firebase-app-check.js","auth":"https://www.gstatic.com/firebasejs/10.6.0/firebase-auth.js","auth/cordova":"https://www.gstatic.com/firebasejs/10.6.0/firebase-auth/cordova.js","functions":"https://www.gstatic.com/firebasejs/10.6.0/firebase-functions.js","firestore":"https://www.gstatic.com/firebasejs/10.6.0/firebase-firestore.js","firestore/lite":"https://www.gstatic.com/firebasejs/10.6.0/firebase-firestore/lite.js","installations":"https://www.gstatic.com/firebasejs/10.6.0/firebase-installations.js","storage":"https://www.gstatic.com/firebasejs/10.6.0/firebase-storage.js","performance":"https://www.gstatic.com/firebasejs/10.6.0/firebase-performance.js","remote-config":"https://www.gstatic.com/firebasejs/10.6.0/firebase-remote-config.js","messaging":"https://www.gstatic.com/firebasejs/10.6.0/firebase-messaging.js","messaging/sw":"https://www.gstatic.com/firebasejs/10.6.0/firebase-messaging/sw.js","database":"https://www.gstatic.com/firebasejs/10.6.0/firebase-database.js","firestore.memory":"https://www.gstatic.com/firebasejs/10.6.0/firebase-firestore.memory.js"}}
[info] +  Wrote public/index.html 
[info] 
[info] i  Detected a .git folder at D:\Desktop\Daily Routine Monitor 
[info] i  Authorizing with GitHub to upload your service account to a GitHub repository's secrets store. 
[info] 
[info] Visit this URL on this device to log in:
[info] https://github.com/login/oauth/authorize?client_id=89cf50f02ac6aaed3484&state=566206747&redirect_uri=http%3A%2F%2Flocalhost%3A9005&scope=read%3Auser%20repo%20public_repo
[info] 
[info] Waiting for authentication...
[debug] [2023-11-27T06:45:56.802Z] >>> [apiv2][query] POST https://github.com/login/oauth/access_token [none]
[debug] [2023-11-27T06:45:56.803Z] >>> [apiv2][body] POST https://github.com/login/oauth/access_token [stream]
[debug] [2023-11-27T06:45:57.274Z] <<< [apiv2][status] POST https://github.com/login/oauth/access_token 200
[debug] [2023-11-27T06:45:57.274Z] <<< [apiv2][body] POST https://github.com/login/oauth/access_token {"access_token":"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","token_type":"bearer","scope":"read:user,repo"}
[debug] [2023-11-27T06:45:57.288Z] >>> [apiv2][query] GET https://api.github.com/user [none]
[debug] [2023-11-27T06:45:57.800Z] <<< [apiv2][status] GET https://api.github.com/user 200
[debug] [2023-11-27T06:45:57.800Z] <<< [apiv2][body] GET https://api.github.com/user {"login":"Prahladkumar11","id":96491878,"node_id":"U_kgDOBcBZZg","avatar_url":"https://avatars.githubusercontent.com/u/96491878?v=4","gravatar_id":"","url":"https://api.github.com/users/Prahladkumar11","html_url":"https://github.com/Prahladkumar11","followers_url":"https://api.github.com/users/Prahladkumar11/followers","following_url":"https://api.github.com/users/Prahladkumar11/following{/other_user}","gists_url":"https://api.github.com/users/Prahladkumar11/gists{/gist_id}","starred_url":"https://api.github.com/users/Prahladkumar11/starred{/owner}{/repo}","subscriptions_url":"https://api.github.com/users/Prahladkumar11/subscriptions","organizations_url":"https://api.github.com/users/Prahladkumar11/orgs","repos_url":"https://api.github.com/users/Prahladkumar11/repos","events_url":"https://api.github.com/users/Prahladkumar11/events{/privacy}","received_events_url":"https://api.github.com/users/Prahladkumar11/received_events","type":"User","site_admin":false,"name":"Prahlad kumar kushwaha","company":null,"blog":"https://btech-project-78.web.app/","location":"UTTAR PRADESH","email":"Prahladkuma11@gmail.com","hireable":true,"bio":"Currently doing btech from IIMT COLLEGE OF ENGG, GREATER NOIDA,UTTAR PRADESH\r\nAIM TO BE EXPERT IN PYTHON","twitter_username":"Prahladkuma112","public_repos":13,"public_gists":0,"followers":0,"following":0,"created_at":"2021-12-21T17:11:42Z","updated_at":"2023-11-24T16:15:27Z","private_gists":0,"total_private_repos":2,"owned_private_repos":2,"disk_usage":123214,"collaborators":0,"two_factor_authentication":false,"plan":{"name":"pro","space":976562499,"collaborators":0,"private_repos":9999}}
[info] 
[info] +  Success! Logged into GitHub as Prahladkumar11 
[info] 
